<?xml version="1.0" encoding="utf-8"?>
<testsuites>
    <testsuite name="pytest" errors="1" failures="0" skipped="0" tests="1" time="0.229"
               timestamp="2024-03-06T15:08:15.203790" hostname="DESKTOP-GNNSVHK">
        <testcase classname="" name="test_guvi_login" time="0.000">
            <error message="collection failure">ImportError while importing test module
                'D:\Kubenetes\GUVI_CODEKATA\.venv\selenium\test_guvi_login.py'.
                Hint: make sure your test modules/packages have valid Python names.
                Traceback:
                D:\Python312\Lib\importlib\__init__.py:90: in import_module
                return _bootstrap._gcd_import(name[level:], package, level)
                test_guvi_login.py:2: in &lt;module&gt;
                from selenium.webdriver.common.by import By
                E ModuleNotFoundError: No module named 'selenium.webdriver'
            </error>
        </testcase>
    </testsuite>
</testsuites>